<?xml version="1.0" encoding="UTF-8"?>
<testsuite name="com.jhooq.Jhooqk8s.JhooqK8sApplicationTests" tests="1" skipped="0" failures="0" errors="0" timestamp="2025-01-21T14:53:55" hostname="ip-172-31-9-232" time="0.218">
  <properties/>
  <testcase name="contextLoads()" classname="com.jhooq.Jhooqk8s.JhooqK8sApplicationTests" time="0.218"/>
  <system-out><![CDATA[14:53:53.186 [Test worker] DEBUG org.springframework.test.context.BootstrapUtils - Instantiating CacheAwareContextLoaderDelegate from class [org.springframework.test.context.cache.DefaultCacheAwareContextLoaderDelegate]
14:53:53.200 [Test worker] DEBUG org.springframework.test.context.BootstrapUtils - Instantiating BootstrapContext using constructor [public org.springframework.test.context.support.DefaultBootstrapContext(java.lang.Class,org.springframework.test.context.CacheAwareContextLoaderDelegate)]
14:53:53.239 [Test worker] DEBUG org.springframework.test.context.BootstrapUtils - Instantiating TestContextBootstrapper for test class [com.jhooq.Jhooqk8s.JhooqK8sApplicationTests] from class [org.springframework.boot.test.context.SpringBootTestContextBootstrapper]
14:53:53.252 [Test worker] INFO org.springframework.boot.test.context.SpringBootTestContextBootstrapper - Neither @ContextConfiguration nor @ContextHierarchy found for test class [com.jhooq.Jhooqk8s.JhooqK8sApplicationTests], using SpringBootContextLoader
14:53:53.255 [Test worker] DEBUG org.springframework.test.context.support.AbstractContextLoader - Did not detect default resource location for test class [com.jhooq.Jhooqk8s.JhooqK8sApplicationTests]: class path resource [com/jhooq/Jhooqk8s/JhooqK8sApplicationTests-context.xml] does not exist
14:53:53.256 [Test worker] DEBUG org.springframework.test.context.support.AbstractContextLoader - Did not detect default resource location for test class [com.jhooq.Jhooqk8s.JhooqK8sApplicationTests]: class path resource [com/jhooq/Jhooqk8s/JhooqK8sApplicationTestsContext.groovy] does not exist
14:53:53.257 [Test worker] INFO org.springframework.test.context.support.AbstractContextLoader - Could not detect default resource locations for test class [com.jhooq.Jhooqk8s.JhooqK8sApplicationTests]: no resource found for suffixes {-context.xml, Context.groovy}.
14:53:53.257 [Test worker] INFO org.springframework.test.context.support.AnnotationConfigContextLoaderUtils - Could not detect default configuration classes for test class [com.jhooq.Jhooqk8s.JhooqK8sApplicationTests]: JhooqK8sApplicationTests does not declare any static, non-private, non-final, nested classes annotated with @Configuration.
14:53:53.292 [Test worker] DEBUG org.springframework.test.context.support.ActiveProfilesUtils - Could not find an 'annotation declaring class' for annotation type [org.springframework.test.context.ActiveProfiles] and class [com.jhooq.Jhooqk8s.JhooqK8sApplicationTests]
14:53:53.341 [Test worker] DEBUG org.springframework.context.annotation.ClassPathScanningCandidateComponentProvider - Identified candidate component class: file [/home/ubuntu/k8s-jenkins-aws-demo/build/classes/java/main/com/jhooq/Jhooqk8s/JhooqDockerDemo.class]
14:53:53.343 [Test worker] INFO org.springframework.boot.test.context.SpringBootTestContextBootstrapper - Found @SpringBootConfiguration com.jhooq.Jhooqk8s.JhooqDockerDemo for test class com.jhooq.Jhooqk8s.JhooqK8sApplicationTests
14:53:53.419 [Test worker] DEBUG org.springframework.boot.test.context.SpringBootTestContextBootstrapper - @TestExecutionListeners is not present for class [com.jhooq.Jhooqk8s.JhooqK8sApplicationTests]: using defaults.
14:53:53.419 [Test worker] INFO org.springframework.boot.test.context.SpringBootTestContextBootstrapper - Loaded default TestExecutionListener class names from location [META-INF/spring.factories]: [org.springframework.boot.test.autoconfigure.restdocs.RestDocsTestExecutionListener, org.springframework.boot.test.autoconfigure.web.client.MockRestServiceServerResetTestExecutionListener, org.springframework.boot.test.autoconfigure.web.servlet.MockMvcPrintOnlyOnFailureTestExecutionListener, org.springframework.boot.test.autoconfigure.web.servlet.WebDriverTestExecutionListener, org.springframework.boot.test.mock.mockito.MockitoTestExecutionListener, org.springframework.boot.test.mock.mockito.ResetMocksTestExecutionListener, org.springframework.test.context.web.ServletTestExecutionListener, org.springframework.test.context.support.DirtiesContextBeforeModesTestExecutionListener, org.springframework.test.context.support.DependencyInjectionTestExecutionListener, org.springframework.test.context.support.DirtiesContextTestExecutionListener, org.springframework.test.context.transaction.TransactionalTestExecutionListener, org.springframework.test.context.jdbc.SqlScriptsTestExecutionListener, org.springframework.test.context.event.EventPublishingTestExecutionListener]
14:53:53.427 [Test worker] DEBUG org.springframework.boot.test.context.SpringBootTestContextBootstrapper - Skipping candidate TestExecutionListener [org.springframework.test.context.transaction.TransactionalTestExecutionListener] due to a missing dependency. Specify custom listener classes or make the default listener classes and their required dependencies available. Offending class: [org/springframework/transaction/interceptor/TransactionAttributeSource]
14:53:53.428 [Test worker] DEBUG org.springframework.boot.test.context.SpringBootTestContextBootstrapper - Skipping candidate TestExecutionListener [org.springframework.test.context.jdbc.SqlScriptsTestExecutionListener] due to a missing dependency. Specify custom listener classes or make the default listener classes and their required dependencies available. Offending class: [org/springframework/transaction/interceptor/TransactionAttribute]
14:53:53.428 [Test worker] INFO org.springframework.boot.test.context.SpringBootTestContextBootstrapper - Using TestExecutionListeners: [org.springframework.test.context.web.ServletTestExecutionListener@3b7ff809, org.springframework.test.context.support.DirtiesContextBeforeModesTestExecutionListener@1bb564e2, org.springframework.boot.test.mock.mockito.MockitoTestExecutionListener@62e6b5c8, org.springframework.boot.test.autoconfigure.SpringBootDependencyInjectionTestExecutionListener@3f792b9b, org.springframework.test.context.support.DirtiesContextTestExecutionListener@7b8233cd, org.springframework.test.context.event.EventPublishingTestExecutionListener@4b20ca2b, org.springframework.boot.test.autoconfigure.restdocs.RestDocsTestExecutionListener@1cbf6e72, org.springframework.boot.test.autoconfigure.web.client.MockRestServiceServerResetTestExecutionListener@6aecbb8d, org.springframework.boot.test.autoconfigure.web.servlet.MockMvcPrintOnlyOnFailureTestExecutionListener@1af146, org.springframework.boot.test.autoconfigure.web.servlet.WebDriverTestExecutionListener@4da602fc, org.springframework.boot.test.mock.mockito.ResetMocksTestExecutionListener@2a8d39c4]
14:53:53.431 [Test worker] DEBUG org.springframework.test.context.support.AbstractDirtiesContextTestExecutionListener - Before test class: context [DefaultTestContext@6cfcd46d testClass = JhooqK8sApplicationTests, testInstance = [null], testMethod = [null], testException = [null], mergedContextConfiguration = [WebMergedContextConfiguration@52045dbe testClass = JhooqK8sApplicationTests, locations = '{}', classes = '{class com.jhooq.Jhooqk8s.JhooqDockerDemo}', contextInitializerClasses = '[]', activeProfiles = '{}', propertySourceLocations = '{}', propertySourceProperties = '{org.springframework.boot.test.context.SpringBootTestContextBootstrapper=true}', contextCustomizers = set[org.springframework.boot.test.autoconfigure.properties.PropertyMappingContextCustomizer@0, org.springframework.boot.test.autoconfigure.web.servlet.WebDriverContextCustomizerFactory$Customizer@51133c06, org.springframework.boot.test.context.filter.ExcludeFilterContextCustomizer@1e44b638, org.springframework.boot.test.json.DuplicateJsonObjectContextCustomizerFactory$DuplicateJsonObjectContextCustomizer@31add175, org.springframework.boot.test.mock.mockito.MockitoContextCustomizer@0, org.springframework.boot.test.web.client.TestRestTemplateContextCustomizer@36b4091c, org.springframework.boot.test.context.SpringBootTestArgs@1], resourceBasePath = 'src/main/webapp', contextLoader = 'org.springframework.boot.test.context.SpringBootContextLoader', parent = [null]], attributes = map['org.springframework.test.context.web.ServletTestExecutionListener.activateListener' -> true]], class annotated with @DirtiesContext [false] with mode [null].
14:53:53.464 [Test worker] DEBUG org.springframework.test.context.support.TestPropertySourceUtils - Adding inlined properties to environment: {spring.jmx.enabled=false, org.springframework.boot.test.context.SpringBootTestContextBootstrapper=true, server.port=-1}

  .   ____          _            __ _ _
 /\\ / ___'_ __ _ _(_)_ __  __ _ \ \ \ \
( ( )\___ | '_ | '_| | '_ \/ _` | \ \ \ \
 \\/  ___)| |_)| | | | | || (_| |  ) ) ) )
  '  |____| .__|_| |_|_| |_\__, | / / / /
 =========|_|==============|___/=/_/_/_/
 :: Spring Boot ::        (v2.2.7.RELEASE)

2025-01-21 14:53:53.876  INFO 2409 --- [    Test worker] c.j.Jhooqk8s.JhooqK8sApplicationTests    : Starting JhooqK8sApplicationTests on ip-172-31-9-232 with PID 2409 (started by ubuntu in /home/ubuntu/k8s-jenkins-aws-demo)
2025-01-21 14:53:53.880  INFO 2409 --- [    Test worker] c.j.Jhooqk8s.JhooqK8sApplicationTests    : No active profile set, falling back to default profiles: default
2025-01-21 14:53:55.202  INFO 2409 --- [    Test worker] o.s.s.concurrent.ThreadPoolTaskExecutor  : Initializing ExecutorService 'applicationTaskExecutor'
2025-01-21 14:53:55.443  INFO 2409 --- [    Test worker] c.j.Jhooqk8s.JhooqK8sApplicationTests    : Started JhooqK8sApplicationTests in 1.968 seconds (JVM running for 3.056)
]]></system-out>
  <system-err><![CDATA[]]></system-err>
</testsuite>
